
{"level":"error","message":"Se entró a una ruta inexistente"}
{"level":"warning","message":"test213"}
{"level":"warning","message":"Se entró a una ruta inexistente"}
{"level":"warning","message":"Se entró a una ruta inexistente"}
{"level":"error","message":"Invalid type"}
{"level":"warning","message":"Se entró a una ruta inexistente"}
{"level":"warning","message":"Se entró a una ruta inexistente con el método GET: /api/proef"}
{"level":"error","message":"Invalid type"}
{"level":"warning","message":"Se entró a una ruta inexistente con el método GET: /randoms"}
{"level":"warning","message":"Se entró a una ruta inexistente con el método GET: /randoms"}
{"level":"warning","message":"Se entró a una ruta inexistente con el método GET: /randoms"}
{"level":"warning","message":"Se entró a una ruta inexistente con el método GET: /randoms"}
{"level":"warning","message":"Se entró a una ruta inexistente con el método GET: /randoms"}
{"level":"warning","message":"Se entró a una ruta inexistente con el método GET: /randoms"}
{"level":"warning","message":"Se entró a una ruta inexistente con el método GET: /randoms"}
{"level":"warning","message":"Se entró a una ruta inexistente con el método GET: /randoms"}
{"level":"warning","message":"Se entró a una ruta inexistente con el método GET: /randoms"}
{"level":"warning","message":"Se entró a una ruta inexistente con el método GET: /randoms"}
{"level":"warning","message":"Se entró a una ruta inexistente con el método GET: /randoms"}
{"level":"warning","message":"Se entró a una ruta inexistente con el método GET: /randoms"}
{"level":"warning","message":"Se entró a una ruta inexistente con el método GET: /randoms"}
{"level":"warning","message":"Se entró a una ruta inexistente con el método GET: /randoms"}
{"level":"warning","message":"Se entró a una ruta inexistente con el método GET: /randoms"}
{"level":"warning","message":"Se entró a una ruta inexistente con el método GET: /randoms"}
{"level":"warning","message":"Se entró a una ruta inexistente con el método GET: /randoms"}
{"level":"warning","message":"Se entró a una ruta inexistente con el método GET: /randoms"}
{"level":"warning","message":"Se entró a una ruta inexistente con el método GET: /randoms"}
{"level":"warning","message":"Se entró a una ruta inexistente con el método GET: /randoms"}
{"level":"warning","message":"Se entró a una ruta inexistente con el método GET: /favicon.ico"}
{"level":"warning","message":"Se entró a una ruta inexistente con el método GET: /favicon.ico"}
{"level":"warning","message":"Se entró a una ruta inexistente con el método GET: /favicon.ico"}
